<?xml version="1.0" encoding="UTF-8"?>
<!-- Generated by org.testng.reporters.JUnitReportReporter -->
<testsuite skipped="0" hostname="Safas-MacBook-Air.local" name="com.learnautomation.testcases.LoginTestCRM" tests="1" failures="0" timestamp="2022-08-17T16:39:45 IST" time="9.241" errors="0">
  <testcase name="loginApp" time="9.241" classname="com.learnautomation.testcases.LoginTestCRM"/>
  <system-out/>
</testsuite> <!-- com.learnautomation.testcases.LoginTestCRM -->
